<?xml version="1.0" encoding="UTF-8"?>
<!-- Generated by org.testng.reporters.JUnitReportReporter -->
<testsuite skipped="0" hostname="nfml-sputtaswamyKPL" name="com.clearcapital.automation.Automation" tests="2" failures="0" timestamp="2022-09-28T21:26:50 PDT" time="37.273" errors="0">
  <testcase name="IkeaCCDemo" time="35.578" classname="com.clearcapital.automation.Automation"/>
  <system-out/>
  <testcase name="testAPI" time="1.695" classname="com.clearcapital.automation.Automation"/>
  <system-out/>
</testsuite> <!-- com.clearcapital.automation.Automation -->
